<resultados>
	<mundos>
		<mundo nombre="mundo_0">
			<linea fila="25" compresionDeCeros="true">(23) 1 </linea>
			<linea fila="24" compresionDeCeros="true">(22) 1 1 1 </linea>
			<linea fila="23" compresionDeCeros="true">(21) 1 1 1 1 1 </linea>
			<linea fila="22" compresionDeCeros="true">(20) 1 1 1 1 1 1 1 </linea>
			<linea fila="21" compresionDeCeros="true">(19) 1 1 1 1 1 1 1 1 1 </linea>
			<linea fila="20" compresionDeCeros="true">(18) 1 1 1 1 1 1 1 1 1 1 1 </linea>
			<linea fila="19" compresionDeCeros="true">(17) 1 1 1 1 1 1 1 1 1 1 1 1 1 </linea>
			<linea fila="18" compresionDeCeros="true">(16) 1 1 1 1 1 1 1 1 1 1 1 1 1 1 1 </linea>
			<linea fila="17" compresionDeCeros="true">(20) 1 1 1 1 1 1 1 </linea>
			<linea fila="16" compresionDeCeros="true">(20) 1 1 1 1 1 1 1 </linea>
			<linea fila="15" compresionDeCeros="true">(20) 1 1 1 1 1 1 1 </linea>
			<linea fila="14" compresionDeCeros="true">(20) 1 1 1 1 1 1 1 </linea>
			<linea fila="13" compresionDeCeros="true">(20) 1 1 1 1 1 1 1 </linea>
			<linea fila="12" compresionDeCeros="true">(20) 1 1 1 1 1 1 1 </linea>
			<linea fila="11" compresionDeCeros="true">(20) 1 1 1 1 1 1 1 </linea>
		</mundo>
	</mundos>
	<programas>
		<programa nombre="p1" resultadoEjecucion="FIN PROGRAMA"/>
	</programas>
</resultados>
