<resultados>
	<mundos>
		<mundo nombre="mundo_0">
			<linea fila="29" compresionDeCeros="true">(8) 1 </linea>
			<linea fila="28" compresionDeCeros="true">(7) 1 1 1 </linea>
			<linea fila="27" compresionDeCeros="true">(6) 1 1 1 1 1 </linea>
			<linea fila="26" compresionDeCeros="true">(5) 1 1 1 1 1 1 1 </linea>
			<linea fila="25" compresionDeCeros="true">(4) 1 1 1 1 1 1 1 1 1 </linea>
			<linea fila="24" compresionDeCeros="true">(3) 1 1 1 1 1 1 1 1 1 1 1 </linea>
			<linea fila="23" compresionDeCeros="true">(2) 1 1 1 1 1 1 1 1 1 1 1 1 1 </linea>
			<linea fila="22" compresionDeCeros="true">(1) 1 1 1 1 1 1 1 1 1 1 1 1 1 1 1 </linea>
			<linea fila="21" compresionDeCeros="true">(5) 1 1 1 1 1 1 1 </linea>
			<linea fila="20" compresionDeCeros="true">(5) 1 1 1 1 1 1 1 </linea>
			<linea fila="19" compresionDeCeros="true">(5) 1 1 1 1 1 1 1 </linea>
			<linea fila="18" compresionDeCeros="true">(5) 1 1 1 1 1 1 1 </linea>
			<linea fila="17" compresionDeCeros="true">(5) 1 1 1 1 1 1 1 </linea>
			<linea fila="16" compresionDeCeros="true">(5) 1 1 1 1 1 1 1 </linea>
			<linea fila="15" compresionDeCeros="true">(5) 1 1 1 1 1 1 1 </linea>
		</mundo>
	</mundos>
	<programas>
		<programa nombre="p1" resultadoEjecucion="FIN PROGRAMA"/>
	</programas>
</resultados>
