<resultados>
	<mundos>
		<mundo nombre="mundo_0">
			<linea fila="24" compresionDeCeros="true">(15) 1 </linea>
			<linea fila="23" compresionDeCeros="true">(14) 1 1 1 </linea>
			<linea fila="22" compresionDeCeros="true">(13) 1 1 1 1 1 </linea>
			<linea fila="21" compresionDeCeros="true">(12) 1 1 1 1 1 1 1 </linea>
			<linea fila="20" compresionDeCeros="true">(11) 1 1 1 1 1 1 1 1 1 </linea>
			<linea fila="19" compresionDeCeros="true">(10) 1 1 1 1 1 1 1 1 1 1 1 </linea>
			<linea fila="18" compresionDeCeros="true">(9) 1 1 1 1 1 1 1 1 1 1 1 1 1 </linea>
			<linea fila="17" compresionDeCeros="true">(8) 1 1 1 1 1 1 1 1 1 1 1 1 1 1 1 </linea>
			<linea fila="16" compresionDeCeros="true">(12) 1 1 1 1 1 1 1 </linea>
			<linea fila="15" compresionDeCeros="true">(12) 1 1 1 1 1 1 1 </linea>
			<linea fila="14" compresionDeCeros="true">(12) 1 1 1 1 1 1 1 </linea>
			<linea fila="13" compresionDeCeros="true">(12) 1 1 1 1 1 1 1 </linea>
			<linea fila="12" compresionDeCeros="true">(12) 1 1 1 1 1 1 1 </linea>
			<linea fila="11" compresionDeCeros="true">(12) 1 1 1 1 1 1 1 </linea>
			<linea fila="10" compresionDeCeros="true">(12) 1 1 1 1 1 1 1 </linea>
		</mundo>
	</mundos>
	<programas>
		<programa nombre="p1" resultadoEjecucion="FIN PROGRAMA"/>
	</programas>
</resultados>
